{
  "stats": {
    "suites": 1,
    "tests": 4,
    "passes": 4,
    "pending": 0,
    "failures": 0,
    "start": "2024-08-07T18:14:54.242Z",
    "end": "2024-08-07T18:15:00.271Z",
    "duration": 6029,
    "testsRegistered": 4,
    "passPercent": 100,
    "pendingPercent": 0,
    "other": 0,
    "hasOther": false,
    "skipped": 0,
    "hasSkipped": false
  },
  "results": [
    {
      "uuid": "f985387b-2c6a-4b0d-8129-bf607c6cfa6c",
      "title": "",
      "fullFile": "cypress\\e2e\\inventory_spec.cy.js",
      "file": "cypress\\e2e\\inventory_spec.cy.js",
      "beforeHooks": [],
      "afterHooks": [],
      "tests": [],
      "suites": [
        {
          "uuid": "50cc9e63-7deb-49d8-b935-522ece3749d6",
          "title": "Inventory Page Tests",
          "fullFile": "",
          "file": "",
          "beforeHooks": [],
          "afterHooks": [],
          "tests": [
            {
              "title": "Verify UI elements on inventory page",
              "fullTitle": "Inventory Page Tests Verify UI elements on inventory page",
              "timedOut": null,
              "duration": 2959,
              "state": "passed",
              "speed": "fast",
              "pass": true,
              "fail": false,
              "pending": false,
              "context": null,
              "code": "inventoryPage.verifyUiElements();",
              "err": {},
              "uuid": "4a44fd62-bb16-419f-a961-907af7b3a2b3",
              "parentUUID": "50cc9e63-7deb-49d8-b935-522ece3749d6",
              "isHook": false,
              "skipped": false
            },
            {
              "title": "Verify sort options on inventory page",
              "fullTitle": "Inventory Page Tests Verify sort options on inventory page",
              "timedOut": null,
              "duration": 1148,
              "state": "passed",
              "speed": "fast",
              "pass": true,
              "fail": false,
              "pending": false,
              "context": null,
              "code": "inventoryPage.verifySortOptions();",
              "err": {},
              "uuid": "52637173-9f19-40a4-8fd0-92eecfeb97ff",
              "parentUUID": "50cc9e63-7deb-49d8-b935-522ece3749d6",
              "isHook": false,
              "skipped": false
            },
            {
              "title": "Verify cart redirection",
              "fullTitle": "Inventory Page Tests Verify cart redirection",
              "timedOut": null,
              "duration": 891,
              "state": "passed",
              "speed": "fast",
              "pass": true,
              "fail": false,
              "pending": false,
              "context": null,
              "code": "inventoryPage.clickCart();\ncy.url().should('include', '/cart.html');",
              "err": {},
              "uuid": "ffd96047-cad0-4193-893d-3a301ee8d46c",
              "parentUUID": "50cc9e63-7deb-49d8-b935-522ece3749d6",
              "isHook": false,
              "skipped": false
            },
            {
              "title": "Verify item redirection",
              "fullTitle": "Inventory Page Tests Verify item redirection",
              "timedOut": null,
              "duration": 857,
              "state": "passed",
              "speed": "fast",
              "pass": true,
              "fail": false,
              "pending": false,
              "context": null,
              "code": "inventoryPage.clickItem(4);\ncy.url().should('include', '/inventory-item.html?id=4');",
              "err": {},
              "uuid": "ac3bbc88-3d27-4016-9805-69b84dcd1faf",
              "parentUUID": "50cc9e63-7deb-49d8-b935-522ece3749d6",
              "isHook": false,
              "skipped": false
            }
          ],
          "suites": [],
          "passes": [
            "4a44fd62-bb16-419f-a961-907af7b3a2b3",
            "52637173-9f19-40a4-8fd0-92eecfeb97ff",
            "ffd96047-cad0-4193-893d-3a301ee8d46c",
            "ac3bbc88-3d27-4016-9805-69b84dcd1faf"
          ],
          "failures": [],
          "pending": [],
          "skipped": [],
          "duration": 5855,
          "root": false,
          "rootEmpty": false,
          "_timeout": 2000
        }
      ],
      "passes": [],
      "failures": [],
      "pending": [],
      "skipped": [],
      "duration": 0,
      "root": true,
      "rootEmpty": true,
      "_timeout": 2000
    }
  ],
  "meta": {
    "mocha": {
      "version": "7.0.1"
    },
    "mochawesome": {
      "options": {
        "quiet": false,
        "reportFilename": "mochawesome",
        "saveHtml": true,
        "saveJson": true,
        "consoleReporter": "spec",
        "useInlineDiffs": false,
        "code": true
      },
      "version": "7.1.3"
    },
    "marge": {
      "options": {
        "reportDir": "cypress/reports",
        "overwrite": false,
        "html": true,
        "json": true
      },
      "version": "6.2.0"
    }
  }
}