{
  "stats": {
    "suites": 1,
    "tests": 3,
    "passes": 2,
    "pending": 0,
    "failures": 1,
    "start": "2024-08-07T18:27:47.541Z",
    "end": "2024-08-07T18:27:56.049Z",
    "duration": 8508,
    "testsRegistered": 3,
    "passPercent": 66.66666666666666,
    "pendingPercent": 0,
    "other": 0,
    "hasOther": false,
    "skipped": 0,
    "hasSkipped": false
  },
  "results": [
    {
      "uuid": "2bffdc0a-a915-4bc2-be56-828bfda6b147",
      "title": "",
      "fullFile": "cypress\\e2e\\item_spec.cy.js",
      "file": "cypress\\e2e\\item_spec.cy.js",
      "beforeHooks": [],
      "afterHooks": [],
      "tests": [],
      "suites": [
        {
          "uuid": "e6b24c72-5add-4583-b1ec-85f3e9684d12",
          "title": "Item Page Tests",
          "fullFile": "",
          "file": "",
          "beforeHooks": [],
          "afterHooks": [],
          "tests": [
            {
              "title": "Verify UI elements on item page",
              "fullTitle": "Item Page Tests Verify UI elements on item page",
              "timedOut": null,
              "duration": 5593,
              "state": "failed",
              "speed": null,
              "pass": false,
              "fail": true,
              "pending": false,
              "context": null,
              "code": "itemPage.verifyItemElements();",
              "err": {
                "message": "AssertionError: Timed out retrying after 4000ms: Expected to find element: `[data-test=\"item-sauce-labs-bolt-t-shirt-img\"]`, but never found it.",
                "estack": "AssertionError: Timed out retrying after 4000ms: Expected to find element: `[data-test=\"item-sauce-labs-bolt-t-shirt-img\"]`, but never found it.\n    at ItemPage.verifyItemElements (webpack:///./Pages/itemPage.js:12:27)\n    at Context.eval (webpack:///./cypress/e2e/item_spec.cy.js:22:13)",
                "diff": null
              },
              "uuid": "e9adeb1e-ff0c-4cb5-bd80-0ac330d76fa4",
              "parentUUID": "e6b24c72-5add-4583-b1ec-85f3e9684d12",
              "isHook": false,
              "skipped": false
            },
            {
              "title": "Verify add to cart button changes to remove",
              "fullTitle": "Item Page Tests Verify add to cart button changes to remove",
              "timedOut": null,
              "duration": 1688,
              "state": "passed",
              "speed": "fast",
              "pass": true,
              "fail": false,
              "pending": false,
              "context": null,
              "code": "cy.get('#add-to-cart').should('be.visible').and('have.text', 'Add to cart').as('addToCartButton');\ncy.get('@addToCartButton').click();\ncy.get('#remove', {\n  timeout: 10000\n}).should('be.visible').and('have.text', 'Remove');",
              "err": {},
              "uuid": "b8e43b94-b38b-44ea-885e-49d714ea7037",
              "parentUUID": "e6b24c72-5add-4583-b1ec-85f3e9684d12",
              "isHook": false,
              "skipped": false
            },
            {
              "title": "Verify remove button changes to add to cart",
              "fullTitle": "Item Page Tests Verify remove button changes to add to cart",
              "timedOut": null,
              "duration": 1067,
              "state": "passed",
              "speed": "fast",
              "pass": true,
              "fail": false,
              "pending": false,
              "context": null,
              "code": "cy.get('#add-to-cart').should('be.visible').and('have.text', 'Add to cart').as('addToCartButton');\ncy.get('@addToCartButton').click();\ncy.get('#remove', {\n  timeout: 10000\n}).should('be.visible').and('have.text', 'Remove').as('removeButton');\ncy.get('@removeButton').click();\ncy.get('#add-to-cart', {\n  timeout: 10000\n}).should('be.visible').and('have.text', 'Add to cart');",
              "err": {},
              "uuid": "68f8dfdb-3af0-44bb-80c2-5652f09e86af",
              "parentUUID": "e6b24c72-5add-4583-b1ec-85f3e9684d12",
              "isHook": false,
              "skipped": false
            }
          ],
          "suites": [],
          "passes": [
            "b8e43b94-b38b-44ea-885e-49d714ea7037",
            "68f8dfdb-3af0-44bb-80c2-5652f09e86af"
          ],
          "failures": [
            "e9adeb1e-ff0c-4cb5-bd80-0ac330d76fa4"
          ],
          "pending": [],
          "skipped": [],
          "duration": 8348,
          "root": false,
          "rootEmpty": false,
          "_timeout": 2000
        }
      ],
      "passes": [],
      "failures": [],
      "pending": [],
      "skipped": [],
      "duration": 0,
      "root": true,
      "rootEmpty": true,
      "_timeout": 2000
    }
  ],
  "meta": {
    "mocha": {
      "version": "7.0.1"
    },
    "mochawesome": {
      "options": {
        "quiet": false,
        "reportFilename": "mochawesome",
        "saveHtml": true,
        "saveJson": true,
        "consoleReporter": "spec",
        "useInlineDiffs": false,
        "code": true
      },
      "version": "7.1.3"
    },
    "marge": {
      "options": {
        "reportDir": "cypress/reports",
        "overwrite": false,
        "html": true,
        "json": true
      },
      "version": "6.2.0"
    }
  }
}