{
  "stats": {
    "suites": 1,
    "tests": 5,
    "passes": 5,
    "pending": 0,
    "failures": 0,
    "start": "2024-08-07T18:15:11.867Z",
    "end": "2024-08-07T18:15:16.141Z",
    "duration": 4274,
    "testsRegistered": 5,
    "passPercent": 100,
    "pendingPercent": 0,
    "other": 0,
    "hasOther": false,
    "skipped": 0,
    "hasSkipped": false
  },
  "results": [
    {
      "uuid": "bc55e9d1-0fe2-489a-9121-e1a1a870b78f",
      "title": "",
      "fullFile": "cypress\\e2e\\login_spec.cy.js",
      "file": "cypress\\e2e\\login_spec.cy.js",
      "beforeHooks": [],
      "afterHooks": [],
      "tests": [],
      "suites": [
        {
          "uuid": "1d45e5ff-7730-459e-8fbc-753760d66870",
          "title": "Login Tests",
          "fullFile": "",
          "file": "",
          "beforeHooks": [],
          "afterHooks": [],
          "tests": [
            {
              "title": "Successful login",
              "fullTitle": "Login Tests Successful login",
              "timedOut": null,
              "duration": 1290,
              "state": "passed",
              "speed": "fast",
              "pass": true,
              "fail": false,
              "pending": false,
              "context": null,
              "code": "loginPage.enterUsername(Cypress.env('USER_NAME'));\nloginPage.enterPassword(Cypress.env('USER_PASSWORD'));\nloginPage.clickLogin();\ncy.url().should('include', '/inventory.html');",
              "err": {},
              "uuid": "1154df64-34f5-4750-8ecc-7ee4fe375d5c",
              "parentUUID": "1d45e5ff-7730-459e-8fbc-753760d66870",
              "isHook": false,
              "skipped": false
            },
            {
              "title": "Unsuccessful login with wrong password",
              "fullTitle": "Login Tests Unsuccessful login with wrong password",
              "timedOut": null,
              "duration": 1085,
              "state": "passed",
              "speed": "fast",
              "pass": true,
              "fail": false,
              "pending": false,
              "context": null,
              "code": "loginPage.enterUsername(Cypress.env('USER_NAME'));\nloginPage.enterPassword('wrong_password');\nloginPage.clickLogin();\nloginPage.getErrorMessage().should('contain', 'Epic sadface: Username and password do not match any user in this service');",
              "err": {},
              "uuid": "f25e06b7-c778-4ee0-aaab-111482513213",
              "parentUUID": "1d45e5ff-7730-459e-8fbc-753760d66870",
              "isHook": false,
              "skipped": false
            },
            {
              "title": "Unsuccessful login with wrong username",
              "fullTitle": "Login Tests Unsuccessful login with wrong username",
              "timedOut": null,
              "duration": 738,
              "state": "passed",
              "speed": "fast",
              "pass": true,
              "fail": false,
              "pending": false,
              "context": null,
              "code": "loginPage.enterUsername('wrong_user');\nloginPage.enterPassword(Cypress.env('USER_PASSWORD'));\nloginPage.clickLogin();\nloginPage.getErrorMessage().should('contain', 'Epic sadface: Username and password do not match any user in this service');",
              "err": {},
              "uuid": "fb90d65c-a04b-4a28-bbcf-e368a3ed3497",
              "parentUUID": "1d45e5ff-7730-459e-8fbc-753760d66870",
              "isHook": false,
              "skipped": false
            },
            {
              "title": "Unsuccessful login with missing password",
              "fullTitle": "Login Tests Unsuccessful login with missing password",
              "timedOut": null,
              "duration": 487,
              "state": "passed",
              "speed": "fast",
              "pass": true,
              "fail": false,
              "pending": false,
              "context": null,
              "code": "loginPage.enterUsername(Cypress.env('USER_NAME'));\nloginPage.clickLogin();\nloginPage.getErrorMessage().should('contain', 'Epic sadface: Password is required');",
              "err": {},
              "uuid": "90695a61-0214-4974-9966-e54bae4db3cd",
              "parentUUID": "1d45e5ff-7730-459e-8fbc-753760d66870",
              "isHook": false,
              "skipped": false
            },
            {
              "title": "Unsuccessful login with missing username",
              "fullTitle": "Login Tests Unsuccessful login with missing username",
              "timedOut": null,
              "duration": 520,
              "state": "passed",
              "speed": "fast",
              "pass": true,
              "fail": false,
              "pending": false,
              "context": null,
              "code": "loginPage.enterPassword(Cypress.env('USER_PASSWORD'));\nloginPage.clickLogin();\nloginPage.getErrorMessage().should('contain', 'Epic sadface: Username is required');",
              "err": {},
              "uuid": "e33682fa-e5d9-4a9b-b963-eb8678383032",
              "parentUUID": "1d45e5ff-7730-459e-8fbc-753760d66870",
              "isHook": false,
              "skipped": false
            }
          ],
          "suites": [],
          "passes": [
            "1154df64-34f5-4750-8ecc-7ee4fe375d5c",
            "f25e06b7-c778-4ee0-aaab-111482513213",
            "fb90d65c-a04b-4a28-bbcf-e368a3ed3497",
            "90695a61-0214-4974-9966-e54bae4db3cd",
            "e33682fa-e5d9-4a9b-b963-eb8678383032"
          ],
          "failures": [],
          "pending": [],
          "skipped": [],
          "duration": 4120,
          "root": false,
          "rootEmpty": false,
          "_timeout": 2000
        }
      ],
      "passes": [],
      "failures": [],
      "pending": [],
      "skipped": [],
      "duration": 0,
      "root": true,
      "rootEmpty": true,
      "_timeout": 2000
    }
  ],
  "meta": {
    "mocha": {
      "version": "7.0.1"
    },
    "mochawesome": {
      "options": {
        "quiet": false,
        "reportFilename": "mochawesome",
        "saveHtml": true,
        "saveJson": true,
        "consoleReporter": "spec",
        "useInlineDiffs": false,
        "code": true
      },
      "version": "7.1.3"
    },
    "marge": {
      "options": {
        "reportDir": "cypress/reports",
        "overwrite": false,
        "html": true,
        "json": true
      },
      "version": "6.2.0"
    }
  }
}