{
  "stats": {
    "suites": 1,
    "tests": 3,
    "passes": 3,
    "pending": 0,
    "failures": 0,
    "start": "2024-08-07T18:29:04.718Z",
    "end": "2024-08-07T18:29:08.636Z",
    "duration": 3918,
    "testsRegistered": 3,
    "passPercent": 100,
    "pendingPercent": 0,
    "other": 0,
    "hasOther": false,
    "skipped": 0,
    "hasSkipped": false
  },
  "results": [
    {
      "uuid": "039b70ff-c7d3-46bb-a1ec-4cec9fc17327",
      "title": "",
      "fullFile": "cypress\\e2e\\item_spec.cy.js",
      "file": "cypress\\e2e\\item_spec.cy.js",
      "beforeHooks": [],
      "afterHooks": [],
      "tests": [],
      "suites": [
        {
          "uuid": "67820b9f-9d61-4fdc-9c39-1ace2dcc0a62",
          "title": "Item Page Tests",
          "fullFile": "",
          "file": "",
          "beforeHooks": [],
          "afterHooks": [],
          "tests": [
            {
              "title": "Verify UI elements on item page",
              "fullTitle": "Item Page Tests Verify UI elements on item page",
              "timedOut": null,
              "duration": 1358,
              "state": "passed",
              "speed": "fast",
              "pass": true,
              "fail": false,
              "pending": false,
              "context": null,
              "code": "itemPage.verifyItemElements();",
              "err": {},
              "uuid": "6ad4c006-4262-4452-ac33-7e6d354e689f",
              "parentUUID": "67820b9f-9d61-4fdc-9c39-1ace2dcc0a62",
              "isHook": false,
              "skipped": false
            },
            {
              "title": "Verify add to cart button changes to remove",
              "fullTitle": "Item Page Tests Verify add to cart button changes to remove",
              "timedOut": null,
              "duration": 1264,
              "state": "passed",
              "speed": "fast",
              "pass": true,
              "fail": false,
              "pending": false,
              "context": null,
              "code": "cy.get('#add-to-cart').should('be.visible').and('have.text', 'Add to cart').as('addToCartButton');\ncy.get('@addToCartButton').click();\ncy.get('#remove', {\n  timeout: 10000\n}).should('be.visible').and('have.text', 'Remove');",
              "err": {},
              "uuid": "bdcfe3db-12e2-4792-9862-2e8942c658a3",
              "parentUUID": "67820b9f-9d61-4fdc-9c39-1ace2dcc0a62",
              "isHook": false,
              "skipped": false
            },
            {
              "title": "Verify remove button changes to add to cart",
              "fullTitle": "Item Page Tests Verify remove button changes to add to cart",
              "timedOut": null,
              "duration": 1189,
              "state": "passed",
              "speed": "fast",
              "pass": true,
              "fail": false,
              "pending": false,
              "context": null,
              "code": "cy.get('#add-to-cart').should('be.visible').and('have.text', 'Add to cart').as('addToCartButton');\ncy.get('@addToCartButton').click();\ncy.get('#remove', {\n  timeout: 10000\n}).should('be.visible').and('have.text', 'Remove').as('removeButton');\ncy.get('@removeButton').click();\ncy.get('#add-to-cart', {\n  timeout: 10000\n}).should('be.visible').and('have.text', 'Add to cart');",
              "err": {},
              "uuid": "9107bb1a-c7b5-4f80-859f-65d5d3e7cf51",
              "parentUUID": "67820b9f-9d61-4fdc-9c39-1ace2dcc0a62",
              "isHook": false,
              "skipped": false
            }
          ],
          "suites": [],
          "passes": [
            "6ad4c006-4262-4452-ac33-7e6d354e689f",
            "bdcfe3db-12e2-4792-9862-2e8942c658a3",
            "9107bb1a-c7b5-4f80-859f-65d5d3e7cf51"
          ],
          "failures": [],
          "pending": [],
          "skipped": [],
          "duration": 3811,
          "root": false,
          "rootEmpty": false,
          "_timeout": 2000
        }
      ],
      "passes": [],
      "failures": [],
      "pending": [],
      "skipped": [],
      "duration": 0,
      "root": true,
      "rootEmpty": true,
      "_timeout": 2000
    }
  ],
  "meta": {
    "mocha": {
      "version": "7.0.1"
    },
    "mochawesome": {
      "options": {
        "quiet": false,
        "reportFilename": "mochawesome",
        "saveHtml": true,
        "saveJson": true,
        "consoleReporter": "spec",
        "useInlineDiffs": false,
        "code": true
      },
      "version": "7.1.3"
    },
    "marge": {
      "options": {
        "reportDir": "cypress/reports",
        "overwrite": false,
        "html": true,
        "json": true
      },
      "version": "6.2.0"
    }
  }
}