{
  "stats": {
    "suites": 1,
    "tests": 5,
    "passes": 5,
    "pending": 0,
    "failures": 0,
    "start": "2024-08-07T18:15:17.625Z",
    "end": "2024-08-07T18:15:21.779Z",
    "duration": 4154,
    "testsRegistered": 5,
    "passPercent": 100,
    "pendingPercent": 0,
    "other": 0,
    "hasOther": false,
    "skipped": 0,
    "hasSkipped": false
  },
  "results": [
    {
      "uuid": "851ee54f-813c-4390-96c0-29469111ebd3",
      "title": "",
      "fullFile": "cypress\\e2e\\loginspec.cy.js",
      "file": "cypress\\e2e\\loginspec.cy.js",
      "beforeHooks": [],
      "afterHooks": [],
      "tests": [],
      "suites": [
        {
          "uuid": "2d912d44-014b-4de4-a469-c13478ec12ed",
          "title": "Login Tests",
          "fullFile": "",
          "file": "",
          "beforeHooks": [],
          "afterHooks": [],
          "tests": [
            {
              "title": "Successful login",
              "fullTitle": "Login Tests Successful login",
              "timedOut": null,
              "duration": 1215,
              "state": "passed",
              "speed": "fast",
              "pass": true,
              "fail": false,
              "pending": false,
              "context": null,
              "code": "cy.get('#user-name').type('standard_user');\ncy.get('#password').type('secret_sauce');\ncy.get('#login-button').click();\ncy.url().should('eq', `${baseUrl}/inventory.html`);",
              "err": {},
              "uuid": "655ee4aa-6658-48e4-b823-4cd621fbb90c",
              "parentUUID": "2d912d44-014b-4de4-a469-c13478ec12ed",
              "isHook": false,
              "skipped": false
            },
            {
              "title": "Unsuccessful login with wrong password",
              "fullTitle": "Login Tests Unsuccessful login with wrong password",
              "timedOut": null,
              "duration": 1086,
              "state": "passed",
              "speed": "fast",
              "pass": true,
              "fail": false,
              "pending": false,
              "context": null,
              "code": "cy.get('#user-name').type('standard_user');\ncy.get('#password').type('wrong_password');\ncy.get('#login-button').click();\ncy.get('.error-message-container').should('contain', 'Epic sadface: Username and password do not match any user in this service');",
              "err": {},
              "uuid": "e0723c01-4361-4e2d-b59d-167eb930c56e",
              "parentUUID": "2d912d44-014b-4de4-a469-c13478ec12ed",
              "isHook": false,
              "skipped": false
            },
            {
              "title": "Unsuccessful login with wrong username",
              "fullTitle": "Login Tests Unsuccessful login with wrong username",
              "timedOut": null,
              "duration": 722,
              "state": "passed",
              "speed": "fast",
              "pass": true,
              "fail": false,
              "pending": false,
              "context": null,
              "code": "cy.get('#user-name').type('wrong_user');\ncy.get('#password').type('secret_sauce');\ncy.get('#login-button').click();\ncy.get('.error-message-container').should('contain', 'Epic sadface: Username and password do not match any user in this service');",
              "err": {},
              "uuid": "ed2a07c7-fa2d-4ce8-819e-e57882de277b",
              "parentUUID": "2d912d44-014b-4de4-a469-c13478ec12ed",
              "isHook": false,
              "skipped": false
            },
            {
              "title": "Unsuccessful login with missing password",
              "fullTitle": "Login Tests Unsuccessful login with missing password",
              "timedOut": null,
              "duration": 491,
              "state": "passed",
              "speed": "fast",
              "pass": true,
              "fail": false,
              "pending": false,
              "context": null,
              "code": "cy.get('#user-name').type('standard_user');\ncy.get('#login-button').click();\ncy.get('.error-message-container').should('contain', 'Epic sadface: Password is required');",
              "err": {},
              "uuid": "491cb292-3375-4943-95e6-f4d0a8a49870",
              "parentUUID": "2d912d44-014b-4de4-a469-c13478ec12ed",
              "isHook": false,
              "skipped": false
            },
            {
              "title": "Unsuccessful login with missing username",
              "fullTitle": "Login Tests Unsuccessful login with missing username",
              "timedOut": null,
              "duration": 492,
              "state": "passed",
              "speed": "fast",
              "pass": true,
              "fail": false,
              "pending": false,
              "context": null,
              "code": "cy.get('#password').type('secret_sauce');\ncy.get('#login-button').click();\ncy.get('.error-message-container').should('contain', 'Epic sadface: Username is required');",
              "err": {},
              "uuid": "ec3980cc-887f-4f5a-8cac-0f147b807b5c",
              "parentUUID": "2d912d44-014b-4de4-a469-c13478ec12ed",
              "isHook": false,
              "skipped": false
            }
          ],
          "suites": [],
          "passes": [
            "655ee4aa-6658-48e4-b823-4cd621fbb90c",
            "e0723c01-4361-4e2d-b59d-167eb930c56e",
            "ed2a07c7-fa2d-4ce8-819e-e57882de277b",
            "491cb292-3375-4943-95e6-f4d0a8a49870",
            "ec3980cc-887f-4f5a-8cac-0f147b807b5c"
          ],
          "failures": [],
          "pending": [],
          "skipped": [],
          "duration": 4006,
          "root": false,
          "rootEmpty": false,
          "_timeout": 2000
        }
      ],
      "passes": [],
      "failures": [],
      "pending": [],
      "skipped": [],
      "duration": 0,
      "root": true,
      "rootEmpty": true,
      "_timeout": 2000
    }
  ],
  "meta": {
    "mocha": {
      "version": "7.0.1"
    },
    "mochawesome": {
      "options": {
        "quiet": false,
        "reportFilename": "mochawesome",
        "saveHtml": true,
        "saveJson": true,
        "consoleReporter": "spec",
        "useInlineDiffs": false,
        "code": true
      },
      "version": "7.1.3"
    },
    "marge": {
      "options": {
        "reportDir": "cypress/reports",
        "overwrite": false,
        "html": true,
        "json": true
      },
      "version": "6.2.0"
    }
  }
}