{
  "stats": {
    "suites": 1,
    "tests": 1,
    "passes": 0,
    "pending": 0,
    "failures": 1,
    "start": "2024-08-07T17:43:33.445Z",
    "end": "2024-08-07T17:43:33.716Z",
    "duration": 271,
    "testsRegistered": 5,
    "passPercent": 0,
    "pendingPercent": 0,
    "other": 0,
    "hasOther": false,
    "skipped": 4,
    "hasSkipped": true
  },
  "results": [
    {
      "uuid": "928137d1-93c2-4b95-92c2-fe0981425580",
      "title": "",
      "fullFile": "cypress\\e2e\\Login_spec.cy.js",
      "file": "cypress\\e2e\\Login_spec.cy.js",
      "beforeHooks": [],
      "afterHooks": [],
      "tests": [],
      "suites": [
        {
          "uuid": "8b835742-89ba-4147-ae63-b685e4d3fa15",
          "title": "Login Tests",
          "fullFile": "",
          "file": "",
          "beforeHooks": [],
          "afterHooks": [],
          "tests": [
            {
              "title": "Successful login",
              "fullTitle": "Login Tests Successful login",
              "timedOut": null,
              "duration": 191,
              "state": "failed",
              "speed": null,
              "pass": false,
              "fail": true,
              "pending": false,
              "context": null,
              "code": "loginPage.enterUsername(Cypress.env('USER_NAME'));\nloginPage.enterPassword(Cypress.env('USER_PASSWORD'));\nloginPage.clickLogin();\ncy.url().should('include', '/inventory.html');",
              "err": {
                "message": "CypressError: `cy.visit()` failed trying to load:\n\n/\n\nWe failed looking for this file at the path:\n\n/GitMPAs/Cypress/\n\nThe internal Cypress web server responded with:\n\n  > 404: Not Found\n\nBecause this error occurred during a `before each` hook we are skipping the remaining tests in the current suite: `Login Tests`",
                "estack": "CypressError: `cy.visit()` failed trying to load:\n\n/\n\nWe failed looking for this file at the path:\n\n/GitMPAs/Cypress/\n\nThe internal Cypress web server responded with:\n\n  > 404: Not Found\n\nBecause this error occurred during a `before each` hook we are skipping the remaining tests in the current suite: `Login Tests`\n    at <unknown> (http://localhost:51440/__cypress/runner/cypress_runner.js:131900:76)\n    at visitFailedByErr (http://localhost:51440/__cypress/runner/cypress_runner.js:131315:12)\n    at <unknown> (http://localhost:51440/__cypress/runner/cypress_runner.js:131883:13)\n    at tryCatcher (http://localhost:51440/__cypress/runner/cypress_runner.js:1807:23)\n    at Promise._settlePromiseFromHandler (http://localhost:51440/__cypress/runner/cypress_runner.js:1519:31)\n    at Promise._settlePromise (http://localhost:51440/__cypress/runner/cypress_runner.js:1576:18)\n    at Promise._settlePromise0 (http://localhost:51440/__cypress/runner/cypress_runner.js:1621:10)\n    at Promise._settlePromises (http://localhost:51440/__cypress/runner/cypress_runner.js:1697:18)\n    at _drainQueueStep (http://localhost:51440/__cypress/runner/cypress_runner.js:2407:12)\n    at _drainQueue (http://localhost:51440/__cypress/runner/cypress_runner.js:2400:9)\n    at Async._drainQueues (http://localhost:51440/__cypress/runner/cypress_runner.js:2416:5)\n    at Async.drainQueues (http://localhost:51440/__cypress/runner/cypress_runner.js:2286:14)\nFrom Your Spec Code:\n    at LoginPage.visit (webpack:///./Pages/loginPage.js:10:9)\n    at Context.eval (webpack:///./cypress/e2e/Login_spec.cy.js:7:14)",
                "diff": null
              },
              "uuid": "56af1c41-757b-4640-8763-8c768d40979d",
              "parentUUID": "8b835742-89ba-4147-ae63-b685e4d3fa15",
              "isHook": false,
              "skipped": false
            },
            {
              "title": "Unsuccessful login with wrong password",
              "fullTitle": "Login Tests Unsuccessful login with wrong password",
              "timedOut": null,
              "duration": 0,
              "state": "skipped",
              "speed": null,
              "pass": false,
              "fail": false,
              "pending": false,
              "context": null,
              "code": "loginPage.enterUsername(Cypress.env('USER_NAME'));\nloginPage.enterPassword('wrong_password');\nloginPage.clickLogin();\nloginPage.getErrorMessage().should('contain', 'Epic sadface: Username and password do not match any user in this service');",
              "err": {},
              "uuid": "038eb942-90d7-4cb2-82bd-40e11354f3d3",
              "parentUUID": "8b835742-89ba-4147-ae63-b685e4d3fa15",
              "isHook": false,
              "skipped": true
            },
            {
              "title": "Unsuccessful login with wrong username",
              "fullTitle": "Login Tests Unsuccessful login with wrong username",
              "timedOut": null,
              "duration": 0,
              "state": "skipped",
              "speed": null,
              "pass": false,
              "fail": false,
              "pending": false,
              "context": null,
              "code": "loginPage.enterUsername('wrong_user');\nloginPage.enterPassword(Cypress.env('USER_PASSWORD'));\nloginPage.clickLogin();\nloginPage.getErrorMessage().should('contain', 'Epic sadface: Username and password do not match any user in this service');",
              "err": {},
              "uuid": "5e205cda-c14a-46e4-a321-834d2e4cde68",
              "parentUUID": "8b835742-89ba-4147-ae63-b685e4d3fa15",
              "isHook": false,
              "skipped": true
            },
            {
              "title": "Unsuccessful login with missing password",
              "fullTitle": "Login Tests Unsuccessful login with missing password",
              "timedOut": null,
              "duration": 0,
              "state": "skipped",
              "speed": null,
              "pass": false,
              "fail": false,
              "pending": false,
              "context": null,
              "code": "loginPage.enterUsername(Cypress.env('USER_NAME'));\nloginPage.clickLogin();\nloginPage.getErrorMessage().should('contain', 'Epic sadface: Password is required');",
              "err": {},
              "uuid": "4ce9570d-1ee2-4292-9613-b19f711929c7",
              "parentUUID": "8b835742-89ba-4147-ae63-b685e4d3fa15",
              "isHook": false,
              "skipped": true
            },
            {
              "title": "Unsuccessful login with missing username",
              "fullTitle": "Login Tests Unsuccessful login with missing username",
              "timedOut": null,
              "duration": 0,
              "state": "skipped",
              "speed": null,
              "pass": false,
              "fail": false,
              "pending": false,
              "context": null,
              "code": "loginPage.enterPassword(Cypress.env('USER_PASSWORD'));\nloginPage.clickLogin();\nloginPage.getErrorMessage().should('contain', 'Epic sadface: Username is required');",
              "err": {},
              "uuid": "820f3733-1bc5-49c5-ad11-9ea1765e187f",
              "parentUUID": "8b835742-89ba-4147-ae63-b685e4d3fa15",
              "isHook": false,
              "skipped": true
            }
          ],
          "suites": [],
          "passes": [],
          "failures": [
            "56af1c41-757b-4640-8763-8c768d40979d"
          ],
          "pending": [],
          "skipped": [
            "038eb942-90d7-4cb2-82bd-40e11354f3d3",
            "5e205cda-c14a-46e4-a321-834d2e4cde68",
            "4ce9570d-1ee2-4292-9613-b19f711929c7",
            "820f3733-1bc5-49c5-ad11-9ea1765e187f"
          ],
          "duration": 191,
          "root": false,
          "rootEmpty": false,
          "_timeout": 2000
        }
      ],
      "passes": [],
      "failures": [],
      "pending": [],
      "skipped": [],
      "duration": 0,
      "root": true,
      "rootEmpty": true,
      "_timeout": 2000
    }
  ],
  "meta": {
    "mocha": {
      "version": "7.0.1"
    },
    "mochawesome": {
      "options": {
        "quiet": false,
        "reportFilename": "mochawesome",
        "saveHtml": true,
        "saveJson": true,
        "consoleReporter": "spec",
        "useInlineDiffs": false,
        "code": true
      },
      "version": "7.1.3"
    },
    "marge": {
      "options": {
        "reportDir": "cypress/reports",
        "overwrite": false,
        "html": true,
        "json": true
      },
      "version": "6.2.0"
    }
  }
}