{
  "stats": {
    "suites": 1,
    "tests": 1,
    "passes": 0,
    "pending": 0,
    "failures": 1,
    "start": "2024-08-07T17:43:28.899Z",
    "end": "2024-08-07T17:43:29.316Z",
    "duration": 417,
    "testsRegistered": 4,
    "passPercent": 0,
    "pendingPercent": 0,
    "other": 0,
    "hasOther": false,
    "skipped": 3,
    "hasSkipped": true
  },
  "results": [
    {
      "uuid": "787c2ce4-b25c-419a-a3c7-ca03fdf863c3",
      "title": "",
      "fullFile": "cypress\\e2e\\Inventory_spec.cy.js",
      "file": "cypress\\e2e\\Inventory_spec.cy.js",
      "beforeHooks": [],
      "afterHooks": [],
      "tests": [],
      "suites": [
        {
          "uuid": "f2c8b653-e0a1-4440-b192-b0db26d67f2c",
          "title": "Inventory Page Tests",
          "fullFile": "",
          "file": "",
          "beforeHooks": [],
          "afterHooks": [],
          "tests": [
            {
              "title": "Verify UI elements on inventory page",
              "fullTitle": "Inventory Page Tests Verify UI elements on inventory page",
              "timedOut": null,
              "duration": 343,
              "state": "failed",
              "speed": null,
              "pass": false,
              "fail": true,
              "pending": false,
              "context": null,
              "code": "inventoryPage.verifyUiElements();",
              "err": {
                "message": "CypressError: `cy.visit()` failed trying to load:\n\n/\n\nWe failed looking for this file at the path:\n\n/GitMPAs/Cypress/\n\nThe internal Cypress web server responded with:\n\n  > 404: Not Found\n\nBecause this error occurred during a `before each` hook we are skipping the remaining tests in the current suite: `Inventory Page Tests`",
                "estack": "CypressError: `cy.visit()` failed trying to load:\n\n/\n\nWe failed looking for this file at the path:\n\n/GitMPAs/Cypress/\n\nThe internal Cypress web server responded with:\n\n  > 404: Not Found\n\nBecause this error occurred during a `before each` hook we are skipping the remaining tests in the current suite: `Inventory Page Tests`\n    at <unknown> (http://localhost:51440/__cypress/runner/cypress_runner.js:131900:76)\n    at visitFailedByErr (http://localhost:51440/__cypress/runner/cypress_runner.js:131315:12)\n    at <unknown> (http://localhost:51440/__cypress/runner/cypress_runner.js:131883:13)\n    at tryCatcher (http://localhost:51440/__cypress/runner/cypress_runner.js:1807:23)\n    at Promise._settlePromiseFromHandler (http://localhost:51440/__cypress/runner/cypress_runner.js:1519:31)\n    at Promise._settlePromise (http://localhost:51440/__cypress/runner/cypress_runner.js:1576:18)\n    at Promise._settlePromise0 (http://localhost:51440/__cypress/runner/cypress_runner.js:1621:10)\n    at Promise._settlePromises (http://localhost:51440/__cypress/runner/cypress_runner.js:1697:18)\n    at _drainQueueStep (http://localhost:51440/__cypress/runner/cypress_runner.js:2407:12)\n    at _drainQueue (http://localhost:51440/__cypress/runner/cypress_runner.js:2400:9)\n    at Async._drainQueues (http://localhost:51440/__cypress/runner/cypress_runner.js:2416:5)\n    at Async.drainQueues (http://localhost:51440/__cypress/runner/cypress_runner.js:2286:14)\nFrom Your Spec Code:\n    at LoginPage.visit (webpack:///./Pages/loginPage.js:10:9)\n    at Context.eval (webpack:///./cypress/e2e/Inventory_spec.cy.js:9:14)",
                "diff": null
              },
              "uuid": "d9fb908f-1d2b-476e-bde0-b2cd74b5492b",
              "parentUUID": "f2c8b653-e0a1-4440-b192-b0db26d67f2c",
              "isHook": false,
              "skipped": false
            },
            {
              "title": "Verify sort options on inventory page",
              "fullTitle": "Inventory Page Tests Verify sort options on inventory page",
              "timedOut": null,
              "duration": 0,
              "state": "skipped",
              "speed": null,
              "pass": false,
              "fail": false,
              "pending": false,
              "context": null,
              "code": "inventoryPage.verifySortOptions();",
              "err": {},
              "uuid": "5f86e5e6-d519-41a5-b604-90d672546e8c",
              "parentUUID": "f2c8b653-e0a1-4440-b192-b0db26d67f2c",
              "isHook": false,
              "skipped": true
            },
            {
              "title": "Verify cart redirection",
              "fullTitle": "Inventory Page Tests Verify cart redirection",
              "timedOut": null,
              "duration": 0,
              "state": "skipped",
              "speed": null,
              "pass": false,
              "fail": false,
              "pending": false,
              "context": null,
              "code": "inventoryPage.clickCart();\ncy.url().should('include', '/cart.html');",
              "err": {},
              "uuid": "b3224e79-4d78-465d-95b4-a19bd9a5154c",
              "parentUUID": "f2c8b653-e0a1-4440-b192-b0db26d67f2c",
              "isHook": false,
              "skipped": true
            },
            {
              "title": "Verify item redirection",
              "fullTitle": "Inventory Page Tests Verify item redirection",
              "timedOut": null,
              "duration": 0,
              "state": "skipped",
              "speed": null,
              "pass": false,
              "fail": false,
              "pending": false,
              "context": null,
              "code": "inventoryPage.clickItem(4);\ncy.url().should('include', '/inventory-item.html?id=4');",
              "err": {},
              "uuid": "d4ced303-473a-4e11-861f-5694d59e7249",
              "parentUUID": "f2c8b653-e0a1-4440-b192-b0db26d67f2c",
              "isHook": false,
              "skipped": true
            }
          ],
          "suites": [],
          "passes": [],
          "failures": [
            "d9fb908f-1d2b-476e-bde0-b2cd74b5492b"
          ],
          "pending": [],
          "skipped": [
            "5f86e5e6-d519-41a5-b604-90d672546e8c",
            "b3224e79-4d78-465d-95b4-a19bd9a5154c",
            "d4ced303-473a-4e11-861f-5694d59e7249"
          ],
          "duration": 343,
          "root": false,
          "rootEmpty": false,
          "_timeout": 2000
        }
      ],
      "passes": [],
      "failures": [],
      "pending": [],
      "skipped": [],
      "duration": 0,
      "root": true,
      "rootEmpty": true,
      "_timeout": 2000
    }
  ],
  "meta": {
    "mocha": {
      "version": "7.0.1"
    },
    "mochawesome": {
      "options": {
        "quiet": false,
        "reportFilename": "mochawesome",
        "saveHtml": true,
        "saveJson": true,
        "consoleReporter": "spec",
        "useInlineDiffs": false,
        "code": true
      },
      "version": "7.1.3"
    },
    "marge": {
      "options": {
        "reportDir": "cypress/reports",
        "overwrite": false,
        "html": true,
        "json": true
      },
      "version": "6.2.0"
    }
  }
}