{
  "stats": {
    "suites": 1,
    "tests": 1,
    "passes": 0,
    "pending": 0,
    "failures": 1,
    "start": "2024-08-07T17:44:28.071Z",
    "end": "2024-08-07T17:44:28.328Z",
    "duration": 257,
    "testsRegistered": 3,
    "passPercent": 0,
    "pendingPercent": 0,
    "other": 0,
    "hasOther": false,
    "skipped": 2,
    "hasSkipped": true
  },
  "results": [
    {
      "uuid": "f98cff6c-133a-48be-886a-5e1d52482718",
      "title": "",
      "fullFile": "cypress\\e2e\\Item_spec.cy.js",
      "file": "cypress\\e2e\\Item_spec.cy.js",
      "beforeHooks": [],
      "afterHooks": [],
      "tests": [],
      "suites": [
        {
          "uuid": "554fe5ba-cb13-471a-8917-c8749d60f28a",
          "title": "Item Page Tests",
          "fullFile": "",
          "file": "",
          "beforeHooks": [],
          "afterHooks": [],
          "tests": [
            {
              "title": "Verify UI elements on item page",
              "fullTitle": "Item Page Tests Verify UI elements on item page",
              "timedOut": null,
              "duration": 191,
              "state": "failed",
              "speed": null,
              "pass": false,
              "fail": true,
              "pending": false,
              "context": null,
              "code": "itemPage.verifyItemElements();",
              "err": {
                "message": "CypressError: `cy.visit()` failed trying to load:\n\n/\n\nWe failed looking for this file at the path:\n\n/GitMPAs/Cypress/\n\nThe internal Cypress web server responded with:\n\n  > 404: Not Found\n\nBecause this error occurred during a `before each` hook we are skipping the remaining tests in the current suite: `Item Page Tests`",
                "estack": "CypressError: `cy.visit()` failed trying to load:\n\n/\n\nWe failed looking for this file at the path:\n\n/GitMPAs/Cypress/\n\nThe internal Cypress web server responded with:\n\n  > 404: Not Found\n\nBecause this error occurred during a `before each` hook we are skipping the remaining tests in the current suite: `Item Page Tests`\n    at <unknown> (http://localhost:51576/__cypress/runner/cypress_runner.js:131900:76)\n    at visitFailedByErr (http://localhost:51576/__cypress/runner/cypress_runner.js:131315:12)\n    at <unknown> (http://localhost:51576/__cypress/runner/cypress_runner.js:131883:13)\n    at tryCatcher (http://localhost:51576/__cypress/runner/cypress_runner.js:1807:23)\n    at Promise._settlePromiseFromHandler (http://localhost:51576/__cypress/runner/cypress_runner.js:1519:31)\n    at Promise._settlePromise (http://localhost:51576/__cypress/runner/cypress_runner.js:1576:18)\n    at Promise._settlePromise0 (http://localhost:51576/__cypress/runner/cypress_runner.js:1621:10)\n    at Promise._settlePromises (http://localhost:51576/__cypress/runner/cypress_runner.js:1697:18)\n    at _drainQueueStep (http://localhost:51576/__cypress/runner/cypress_runner.js:2407:12)\n    at _drainQueue (http://localhost:51576/__cypress/runner/cypress_runner.js:2400:9)\n    at Async._drainQueues (http://localhost:51576/__cypress/runner/cypress_runner.js:2416:5)\n    at Async.drainQueues (http://localhost:51576/__cypress/runner/cypress_runner.js:2286:14)\nFrom Your Spec Code:\n    at LoginPage.visit (webpack:///./Pages/loginPage.js:10:9)\n    at Context.eval (webpack:///./cypress/e2e/Item_spec.cy.js:11:14)",
                "diff": null
              },
              "uuid": "015b45ea-9ff1-4a9e-9886-9b810fdd5021",
              "parentUUID": "554fe5ba-cb13-471a-8917-c8749d60f28a",
              "isHook": false,
              "skipped": false
            },
            {
              "title": "Verify add to cart button changes to remove",
              "fullTitle": "Item Page Tests Verify add to cart button changes to remove",
              "timedOut": null,
              "duration": 0,
              "state": "skipped",
              "speed": null,
              "pass": false,
              "fail": false,
              "pending": false,
              "context": null,
              "code": "cy.get('#add-to-cart').should('be.visible').and('have.text', 'Add to cart').as('addToCartButton');\ncy.get('@addToCartButton').click();\ncy.get('#remove', {\n  timeout: 10000\n}).should('be.visible').and('have.text', 'Remove');",
              "err": {},
              "uuid": "08cb81d0-e15d-4b46-a207-5cf0e0a77991",
              "parentUUID": "554fe5ba-cb13-471a-8917-c8749d60f28a",
              "isHook": false,
              "skipped": true
            },
            {
              "title": "Verify remove button changes to add to cart",
              "fullTitle": "Item Page Tests Verify remove button changes to add to cart",
              "timedOut": null,
              "duration": 0,
              "state": "skipped",
              "speed": null,
              "pass": false,
              "fail": false,
              "pending": false,
              "context": null,
              "code": "cy.get('#add-to-cart').should('be.visible').and('have.text', 'Add to cart').as('addToCartButton');\ncy.get('@addToCartButton').click();\ncy.get('#remove', {\n  timeout: 10000\n}).should('be.visible').and('have.text', 'Remove').as('removeButton');\ncy.get('@removeButton').click();\ncy.get('#add-to-cart', {\n  timeout: 10000\n}).should('be.visible').and('have.text', 'Add to cart');",
              "err": {},
              "uuid": "12032f09-1794-40eb-9b77-b82a69c8edd4",
              "parentUUID": "554fe5ba-cb13-471a-8917-c8749d60f28a",
              "isHook": false,
              "skipped": true
            }
          ],
          "suites": [],
          "passes": [],
          "failures": [
            "015b45ea-9ff1-4a9e-9886-9b810fdd5021"
          ],
          "pending": [],
          "skipped": [
            "08cb81d0-e15d-4b46-a207-5cf0e0a77991",
            "12032f09-1794-40eb-9b77-b82a69c8edd4"
          ],
          "duration": 191,
          "root": false,
          "rootEmpty": false,
          "_timeout": 2000
        }
      ],
      "passes": [],
      "failures": [],
      "pending": [],
      "skipped": [],
      "duration": 0,
      "root": true,
      "rootEmpty": true,
      "_timeout": 2000
    }
  ],
  "meta": {
    "mocha": {
      "version": "7.0.1"
    },
    "mochawesome": {
      "options": {
        "quiet": false,
        "reportFilename": "mochawesome",
        "saveHtml": true,
        "saveJson": true,
        "consoleReporter": "spec",
        "useInlineDiffs": false,
        "code": true
      },
      "version": "7.1.3"
    },
    "marge": {
      "options": {
        "reportDir": "cypress/reports",
        "overwrite": false,
        "html": true,
        "json": true
      },
      "version": "6.2.0"
    }
  }
}