{
  "stats": {
    "suites": 1,
    "tests": 5,
    "passes": 5,
    "pending": 0,
    "failures": 0,
    "start": "2024-08-07T17:53:28.834Z",
    "end": "2024-08-07T17:53:32.959Z",
    "duration": 4125,
    "testsRegistered": 5,
    "passPercent": 100,
    "pendingPercent": 0,
    "other": 0,
    "hasOther": false,
    "skipped": 0,
    "hasSkipped": false
  },
  "results": [
    {
      "uuid": "874481e8-6d73-4473-bb2d-d333fc1f76de",
      "title": "",
      "fullFile": "cypress\\e2e\\loginspec.cy.js",
      "file": "cypress\\e2e\\loginspec.cy.js",
      "beforeHooks": [],
      "afterHooks": [],
      "tests": [],
      "suites": [
        {
          "uuid": "06b05362-bf88-4b4f-b5b2-9d6228778df6",
          "title": "Login Tests",
          "fullFile": "",
          "file": "",
          "beforeHooks": [],
          "afterHooks": [],
          "tests": [
            {
              "title": "Successful login",
              "fullTitle": "Login Tests Successful login",
              "timedOut": null,
              "duration": 1233,
              "state": "passed",
              "speed": "fast",
              "pass": true,
              "fail": false,
              "pending": false,
              "context": null,
              "code": "cy.get('#user-name').type('standard_user');\ncy.get('#password').type('secret_sauce');\ncy.get('#login-button').click();\ncy.url().should('eq', `${baseUrl}/inventory.html`);",
              "err": {},
              "uuid": "b1da918a-9f4d-488f-99d6-d424e4d992ff",
              "parentUUID": "06b05362-bf88-4b4f-b5b2-9d6228778df6",
              "isHook": false,
              "skipped": false
            },
            {
              "title": "Unsuccessful login with wrong password",
              "fullTitle": "Login Tests Unsuccessful login with wrong password",
              "timedOut": null,
              "duration": 1079,
              "state": "passed",
              "speed": "fast",
              "pass": true,
              "fail": false,
              "pending": false,
              "context": null,
              "code": "cy.get('#user-name').type('standard_user');\ncy.get('#password').type('wrong_password');\ncy.get('#login-button').click();\ncy.get('.error-message-container').should('contain', 'Epic sadface: Username and password do not match any user in this service');",
              "err": {},
              "uuid": "5e57e2fd-ba8b-475e-a630-bb4f8cf198fa",
              "parentUUID": "06b05362-bf88-4b4f-b5b2-9d6228778df6",
              "isHook": false,
              "skipped": false
            },
            {
              "title": "Unsuccessful login with wrong username",
              "fullTitle": "Login Tests Unsuccessful login with wrong username",
              "timedOut": null,
              "duration": 740,
              "state": "passed",
              "speed": "fast",
              "pass": true,
              "fail": false,
              "pending": false,
              "context": null,
              "code": "cy.get('#user-name').type('wrong_user');\ncy.get('#password').type('secret_sauce');\ncy.get('#login-button').click();\ncy.get('.error-message-container').should('contain', 'Epic sadface: Username and password do not match any user in this service');",
              "err": {},
              "uuid": "eef9af06-e0d6-4117-8bfe-5572d89614b5",
              "parentUUID": "06b05362-bf88-4b4f-b5b2-9d6228778df6",
              "isHook": false,
              "skipped": false
            },
            {
              "title": "Unsuccessful login with missing password",
              "fullTitle": "Login Tests Unsuccessful login with missing password",
              "timedOut": null,
              "duration": 475,
              "state": "passed",
              "speed": "fast",
              "pass": true,
              "fail": false,
              "pending": false,
              "context": null,
              "code": "cy.get('#user-name').type('standard_user');\ncy.get('#login-button').click();\ncy.get('.error-message-container').should('contain', 'Epic sadface: Password is required');",
              "err": {},
              "uuid": "883d0814-8a37-47ad-a9d1-d4033f3b8561",
              "parentUUID": "06b05362-bf88-4b4f-b5b2-9d6228778df6",
              "isHook": false,
              "skipped": false
            },
            {
              "title": "Unsuccessful login with missing username",
              "fullTitle": "Login Tests Unsuccessful login with missing username",
              "timedOut": null,
              "duration": 454,
              "state": "passed",
              "speed": "fast",
              "pass": true,
              "fail": false,
              "pending": false,
              "context": null,
              "code": "cy.get('#password').type('secret_sauce');\ncy.get('#login-button').click();\ncy.get('.error-message-container').should('contain', 'Epic sadface: Username is required');",
              "err": {},
              "uuid": "7e0a4282-02de-455f-86e4-d62ed3a0e3b9",
              "parentUUID": "06b05362-bf88-4b4f-b5b2-9d6228778df6",
              "isHook": false,
              "skipped": false
            }
          ],
          "suites": [],
          "passes": [
            "b1da918a-9f4d-488f-99d6-d424e4d992ff",
            "5e57e2fd-ba8b-475e-a630-bb4f8cf198fa",
            "eef9af06-e0d6-4117-8bfe-5572d89614b5",
            "883d0814-8a37-47ad-a9d1-d4033f3b8561",
            "7e0a4282-02de-455f-86e4-d62ed3a0e3b9"
          ],
          "failures": [],
          "pending": [],
          "skipped": [],
          "duration": 3981,
          "root": false,
          "rootEmpty": false,
          "_timeout": 2000
        }
      ],
      "passes": [],
      "failures": [],
      "pending": [],
      "skipped": [],
      "duration": 0,
      "root": true,
      "rootEmpty": true,
      "_timeout": 2000
    }
  ],
  "meta": {
    "mocha": {
      "version": "7.0.1"
    },
    "mochawesome": {
      "options": {
        "quiet": false,
        "reportFilename": "mochawesome",
        "saveHtml": true,
        "saveJson": true,
        "consoleReporter": "spec",
        "useInlineDiffs": false,
        "code": true
      },
      "version": "7.1.3"
    },
    "marge": {
      "options": {
        "reportDir": "cypress/reports",
        "overwrite": false,
        "html": true,
        "json": true
      },
      "version": "6.2.0"
    }
  }
}