{
  "stats": {
    "suites": 1,
    "tests": 4,
    "passes": 4,
    "pending": 0,
    "failures": 0,
    "start": "2024-08-07T18:27:39.289Z",
    "end": "2024-08-07T18:27:45.912Z",
    "duration": 6623,
    "testsRegistered": 4,
    "passPercent": 100,
    "pendingPercent": 0,
    "other": 0,
    "hasOther": false,
    "skipped": 0,
    "hasSkipped": false
  },
  "results": [
    {
      "uuid": "0e2da375-c810-41ba-a766-78a89899b0e7",
      "title": "",
      "fullFile": "cypress\\e2e\\inventory_spec.cy.js",
      "file": "cypress\\e2e\\inventory_spec.cy.js",
      "beforeHooks": [],
      "afterHooks": [],
      "tests": [],
      "suites": [
        {
          "uuid": "54217b90-9735-42a1-91c2-0010d6620c3c",
          "title": "Inventory Page Tests",
          "fullFile": "",
          "file": "",
          "beforeHooks": [],
          "afterHooks": [],
          "tests": [
            {
              "title": "Verify UI elements on inventory page",
              "fullTitle": "Inventory Page Tests Verify UI elements on inventory page",
              "timedOut": null,
              "duration": 3603,
              "state": "passed",
              "speed": "fast",
              "pass": true,
              "fail": false,
              "pending": false,
              "context": null,
              "code": "inventoryPage.verifyUiElements();",
              "err": {},
              "uuid": "f07689ab-ee8c-4241-b293-914ec4f02147",
              "parentUUID": "54217b90-9735-42a1-91c2-0010d6620c3c",
              "isHook": false,
              "skipped": false
            },
            {
              "title": "Verify sort options on inventory page",
              "fullTitle": "Inventory Page Tests Verify sort options on inventory page",
              "timedOut": null,
              "duration": 1157,
              "state": "passed",
              "speed": "fast",
              "pass": true,
              "fail": false,
              "pending": false,
              "context": null,
              "code": "inventoryPage.verifySortOptions();",
              "err": {},
              "uuid": "c3df64b4-1592-4f0a-aa4b-7d0b0c9f18e9",
              "parentUUID": "54217b90-9735-42a1-91c2-0010d6620c3c",
              "isHook": false,
              "skipped": false
            },
            {
              "title": "Verify cart redirection",
              "fullTitle": "Inventory Page Tests Verify cart redirection",
              "timedOut": null,
              "duration": 856,
              "state": "passed",
              "speed": "fast",
              "pass": true,
              "fail": false,
              "pending": false,
              "context": null,
              "code": "inventoryPage.clickCart();\ncy.url().should('include', '/cart.html');",
              "err": {},
              "uuid": "99d96dd9-887e-4769-b20b-6bfbddf63ca1",
              "parentUUID": "54217b90-9735-42a1-91c2-0010d6620c3c",
              "isHook": false,
              "skipped": false
            },
            {
              "title": "Verify item redirection",
              "fullTitle": "Inventory Page Tests Verify item redirection",
              "timedOut": null,
              "duration": 859,
              "state": "passed",
              "speed": "fast",
              "pass": true,
              "fail": false,
              "pending": false,
              "context": null,
              "code": "inventoryPage.clickItem(4);\ncy.url().should('include', '/inventory-item.html?id=4');",
              "err": {},
              "uuid": "b4cd45cd-478c-45b9-8d45-f4901b1ee010",
              "parentUUID": "54217b90-9735-42a1-91c2-0010d6620c3c",
              "isHook": false,
              "skipped": false
            }
          ],
          "suites": [],
          "passes": [
            "f07689ab-ee8c-4241-b293-914ec4f02147",
            "c3df64b4-1592-4f0a-aa4b-7d0b0c9f18e9",
            "99d96dd9-887e-4769-b20b-6bfbddf63ca1",
            "b4cd45cd-478c-45b9-8d45-f4901b1ee010"
          ],
          "failures": [],
          "pending": [],
          "skipped": [],
          "duration": 6475,
          "root": false,
          "rootEmpty": false,
          "_timeout": 2000
        }
      ],
      "passes": [],
      "failures": [],
      "pending": [],
      "skipped": [],
      "duration": 0,
      "root": true,
      "rootEmpty": true,
      "_timeout": 2000
    }
  ],
  "meta": {
    "mocha": {
      "version": "7.0.1"
    },
    "mochawesome": {
      "options": {
        "quiet": false,
        "reportFilename": "mochawesome",
        "saveHtml": true,
        "saveJson": true,
        "consoleReporter": "spec",
        "useInlineDiffs": false,
        "code": true
      },
      "version": "7.1.3"
    },
    "marge": {
      "options": {
        "reportDir": "cypress/reports",
        "overwrite": false,
        "html": true,
        "json": true
      },
      "version": "6.2.0"
    }
  }
}