{
  "stats": {
    "suites": 1,
    "tests": 5,
    "passes": 5,
    "pending": 0,
    "failures": 0,
    "start": "2024-08-07T17:44:32.798Z",
    "end": "2024-08-07T17:44:40.264Z",
    "duration": 7466,
    "testsRegistered": 5,
    "passPercent": 100,
    "pendingPercent": 0,
    "other": 0,
    "hasOther": false,
    "skipped": 0,
    "hasSkipped": false
  },
  "results": [
    {
      "uuid": "45309c74-9636-477f-8752-9fc56bf531c3",
      "title": "",
      "fullFile": "cypress\\e2e\\loginspec.cy.js",
      "file": "cypress\\e2e\\loginspec.cy.js",
      "beforeHooks": [],
      "afterHooks": [],
      "tests": [],
      "suites": [
        {
          "uuid": "90b0e8cf-ebfe-46b2-9015-9a032bc8cb5e",
          "title": "Login Tests",
          "fullFile": "",
          "file": "",
          "beforeHooks": [],
          "afterHooks": [],
          "tests": [
            {
              "title": "Successful login",
              "fullTitle": "Login Tests Successful login",
              "timedOut": null,
              "duration": 2576,
              "state": "passed",
              "speed": "fast",
              "pass": true,
              "fail": false,
              "pending": false,
              "context": null,
              "code": "cy.get('#user-name').type('standard_user');\ncy.get('#password').type('secret_sauce');\ncy.get('#login-button').click();\ncy.url().should('eq', `${baseUrl}/inventory.html`);",
              "err": {},
              "uuid": "1df11ab7-beaf-414b-b64d-8f797f20eece",
              "parentUUID": "90b0e8cf-ebfe-46b2-9015-9a032bc8cb5e",
              "isHook": false,
              "skipped": false
            },
            {
              "title": "Unsuccessful login with wrong password",
              "fullTitle": "Login Tests Unsuccessful login with wrong password",
              "timedOut": null,
              "duration": 1169,
              "state": "passed",
              "speed": "fast",
              "pass": true,
              "fail": false,
              "pending": false,
              "context": null,
              "code": "cy.get('#user-name').type('standard_user');\ncy.get('#password').type('wrong_password');\ncy.get('#login-button').click();\ncy.get('.error-message-container').should('contain', 'Epic sadface: Username and password do not match any user in this service');",
              "err": {},
              "uuid": "413fa9bc-85a6-44b3-933a-9161b6ff1e98",
              "parentUUID": "90b0e8cf-ebfe-46b2-9015-9a032bc8cb5e",
              "isHook": false,
              "skipped": false
            },
            {
              "title": "Unsuccessful login with wrong username",
              "fullTitle": "Login Tests Unsuccessful login with wrong username",
              "timedOut": null,
              "duration": 739,
              "state": "passed",
              "speed": "fast",
              "pass": true,
              "fail": false,
              "pending": false,
              "context": null,
              "code": "cy.get('#user-name').type('wrong_user');\ncy.get('#password').type('secret_sauce');\ncy.get('#login-button').click();\ncy.get('.error-message-container').should('contain', 'Epic sadface: Username and password do not match any user in this service');",
              "err": {},
              "uuid": "4099f640-cc2e-4dab-9638-a4d0343e6479",
              "parentUUID": "90b0e8cf-ebfe-46b2-9015-9a032bc8cb5e",
              "isHook": false,
              "skipped": false
            },
            {
              "title": "Unsuccessful login with missing password",
              "fullTitle": "Login Tests Unsuccessful login with missing password",
              "timedOut": null,
              "duration": 491,
              "state": "passed",
              "speed": "fast",
              "pass": true,
              "fail": false,
              "pending": false,
              "context": null,
              "code": "cy.get('#user-name').type('standard_user');\ncy.get('#login-button').click();\ncy.get('.error-message-container').should('contain', 'Epic sadface: Password is required');",
              "err": {},
              "uuid": "8c815231-dd51-473d-b0bb-dbad83e045ae",
              "parentUUID": "90b0e8cf-ebfe-46b2-9015-9a032bc8cb5e",
              "isHook": false,
              "skipped": false
            },
            {
              "title": "Unsuccessful login with missing username",
              "fullTitle": "Login Tests Unsuccessful login with missing username",
              "timedOut": null,
              "duration": 476,
              "state": "passed",
              "speed": "fast",
              "pass": true,
              "fail": false,
              "pending": false,
              "context": null,
              "code": "cy.get('#password').type('secret_sauce');\ncy.get('#login-button').click();\ncy.get('.error-message-container').should('contain', 'Epic sadface: Username is required');",
              "err": {},
              "uuid": "09e2b114-0bf3-4cc3-8f0f-c5dad351e871",
              "parentUUID": "90b0e8cf-ebfe-46b2-9015-9a032bc8cb5e",
              "isHook": false,
              "skipped": false
            }
          ],
          "suites": [],
          "passes": [
            "1df11ab7-beaf-414b-b64d-8f797f20eece",
            "413fa9bc-85a6-44b3-933a-9161b6ff1e98",
            "4099f640-cc2e-4dab-9638-a4d0343e6479",
            "8c815231-dd51-473d-b0bb-dbad83e045ae",
            "09e2b114-0bf3-4cc3-8f0f-c5dad351e871"
          ],
          "failures": [],
          "pending": [],
          "skipped": [],
          "duration": 5451,
          "root": false,
          "rootEmpty": false,
          "_timeout": 2000
        }
      ],
      "passes": [],
      "failures": [],
      "pending": [],
      "skipped": [],
      "duration": 0,
      "root": true,
      "rootEmpty": true,
      "_timeout": 2000
    }
  ],
  "meta": {
    "mocha": {
      "version": "7.0.1"
    },
    "mochawesome": {
      "options": {
        "quiet": false,
        "reportFilename": "mochawesome",
        "saveHtml": true,
        "saveJson": true,
        "consoleReporter": "spec",
        "useInlineDiffs": false,
        "code": true
      },
      "version": "7.1.3"
    },
    "marge": {
      "options": {
        "reportDir": "cypress/reports",
        "overwrite": false,
        "html": true,
        "json": true
      },
      "version": "6.2.0"
    }
  }
}