{
  "stats": {
    "suites": 1,
    "tests": 1,
    "passes": 0,
    "pending": 0,
    "failures": 1,
    "start": "2024-08-07T17:44:30.458Z",
    "end": "2024-08-07T17:44:30.761Z",
    "duration": 303,
    "testsRegistered": 5,
    "passPercent": 0,
    "pendingPercent": 0,
    "other": 0,
    "hasOther": false,
    "skipped": 4,
    "hasSkipped": true
  },
  "results": [
    {
      "uuid": "1d166c6a-e70a-4df6-8762-85770b9ff6b5",
      "title": "",
      "fullFile": "cypress\\e2e\\Login_spec.cy.js",
      "file": "cypress\\e2e\\Login_spec.cy.js",
      "beforeHooks": [],
      "afterHooks": [],
      "tests": [],
      "suites": [
        {
          "uuid": "ff6aaa2b-e16f-4a55-b52f-3113007a092b",
          "title": "Login Tests",
          "fullFile": "",
          "file": "",
          "beforeHooks": [],
          "afterHooks": [],
          "tests": [
            {
              "title": "Successful login",
              "fullTitle": "Login Tests Successful login",
              "timedOut": null,
              "duration": 220,
              "state": "failed",
              "speed": null,
              "pass": false,
              "fail": true,
              "pending": false,
              "context": null,
              "code": "loginPage.enterUsername(Cypress.env('USER_NAME'));\nloginPage.enterPassword(Cypress.env('USER_PASSWORD'));\nloginPage.clickLogin();\ncy.url().should('include', '/inventory.html');",
              "err": {
                "message": "CypressError: `cy.visit()` failed trying to load:\n\n/\n\nWe failed looking for this file at the path:\n\n/GitMPAs/Cypress/\n\nThe internal Cypress web server responded with:\n\n  > 404: Not Found\n\nBecause this error occurred during a `before each` hook we are skipping the remaining tests in the current suite: `Login Tests`",
                "estack": "CypressError: `cy.visit()` failed trying to load:\n\n/\n\nWe failed looking for this file at the path:\n\n/GitMPAs/Cypress/\n\nThe internal Cypress web server responded with:\n\n  > 404: Not Found\n\nBecause this error occurred during a `before each` hook we are skipping the remaining tests in the current suite: `Login Tests`\n    at <unknown> (http://localhost:51576/__cypress/runner/cypress_runner.js:131900:76)\n    at visitFailedByErr (http://localhost:51576/__cypress/runner/cypress_runner.js:131315:12)\n    at <unknown> (http://localhost:51576/__cypress/runner/cypress_runner.js:131883:13)\n    at tryCatcher (http://localhost:51576/__cypress/runner/cypress_runner.js:1807:23)\n    at Promise._settlePromiseFromHandler (http://localhost:51576/__cypress/runner/cypress_runner.js:1519:31)\n    at Promise._settlePromise (http://localhost:51576/__cypress/runner/cypress_runner.js:1576:18)\n    at Promise._settlePromise0 (http://localhost:51576/__cypress/runner/cypress_runner.js:1621:10)\n    at Promise._settlePromises (http://localhost:51576/__cypress/runner/cypress_runner.js:1697:18)\n    at _drainQueueStep (http://localhost:51576/__cypress/runner/cypress_runner.js:2407:12)\n    at _drainQueue (http://localhost:51576/__cypress/runner/cypress_runner.js:2400:9)\n    at Async._drainQueues (http://localhost:51576/__cypress/runner/cypress_runner.js:2416:5)\n    at Async.drainQueues (http://localhost:51576/__cypress/runner/cypress_runner.js:2286:14)\nFrom Your Spec Code:\n    at LoginPage.visit (webpack:///./Pages/loginPage.js:10:9)\n    at Context.eval (webpack:///./cypress/e2e/Login_spec.cy.js:7:14)",
                "diff": null
              },
              "uuid": "8189f628-898b-4725-9a70-001ebed6b238",
              "parentUUID": "ff6aaa2b-e16f-4a55-b52f-3113007a092b",
              "isHook": false,
              "skipped": false
            },
            {
              "title": "Unsuccessful login with wrong password",
              "fullTitle": "Login Tests Unsuccessful login with wrong password",
              "timedOut": null,
              "duration": 0,
              "state": "skipped",
              "speed": null,
              "pass": false,
              "fail": false,
              "pending": false,
              "context": null,
              "code": "loginPage.enterUsername(Cypress.env('USER_NAME'));\nloginPage.enterPassword('wrong_password');\nloginPage.clickLogin();\nloginPage.getErrorMessage().should('contain', 'Epic sadface: Username and password do not match any user in this service');",
              "err": {},
              "uuid": "8895ba26-e3ee-47cf-83ac-b18fadf098f8",
              "parentUUID": "ff6aaa2b-e16f-4a55-b52f-3113007a092b",
              "isHook": false,
              "skipped": true
            },
            {
              "title": "Unsuccessful login with wrong username",
              "fullTitle": "Login Tests Unsuccessful login with wrong username",
              "timedOut": null,
              "duration": 0,
              "state": "skipped",
              "speed": null,
              "pass": false,
              "fail": false,
              "pending": false,
              "context": null,
              "code": "loginPage.enterUsername('wrong_user');\nloginPage.enterPassword(Cypress.env('USER_PASSWORD'));\nloginPage.clickLogin();\nloginPage.getErrorMessage().should('contain', 'Epic sadface: Username and password do not match any user in this service');",
              "err": {},
              "uuid": "033693f9-661b-47f1-8de2-0006c3680003",
              "parentUUID": "ff6aaa2b-e16f-4a55-b52f-3113007a092b",
              "isHook": false,
              "skipped": true
            },
            {
              "title": "Unsuccessful login with missing password",
              "fullTitle": "Login Tests Unsuccessful login with missing password",
              "timedOut": null,
              "duration": 0,
              "state": "skipped",
              "speed": null,
              "pass": false,
              "fail": false,
              "pending": false,
              "context": null,
              "code": "loginPage.enterUsername(Cypress.env('USER_NAME'));\nloginPage.clickLogin();\nloginPage.getErrorMessage().should('contain', 'Epic sadface: Password is required');",
              "err": {},
              "uuid": "f2f234ac-ad41-4df5-86e4-ff2da6923c74",
              "parentUUID": "ff6aaa2b-e16f-4a55-b52f-3113007a092b",
              "isHook": false,
              "skipped": true
            },
            {
              "title": "Unsuccessful login with missing username",
              "fullTitle": "Login Tests Unsuccessful login with missing username",
              "timedOut": null,
              "duration": 0,
              "state": "skipped",
              "speed": null,
              "pass": false,
              "fail": false,
              "pending": false,
              "context": null,
              "code": "loginPage.enterPassword(Cypress.env('USER_PASSWORD'));\nloginPage.clickLogin();\nloginPage.getErrorMessage().should('contain', 'Epic sadface: Username is required');",
              "err": {},
              "uuid": "d135c3b7-a6ed-4307-a3f7-8583d17b3ec3",
              "parentUUID": "ff6aaa2b-e16f-4a55-b52f-3113007a092b",
              "isHook": false,
              "skipped": true
            }
          ],
          "suites": [],
          "passes": [],
          "failures": [
            "8189f628-898b-4725-9a70-001ebed6b238"
          ],
          "pending": [],
          "skipped": [
            "8895ba26-e3ee-47cf-83ac-b18fadf098f8",
            "033693f9-661b-47f1-8de2-0006c3680003",
            "f2f234ac-ad41-4df5-86e4-ff2da6923c74",
            "d135c3b7-a6ed-4307-a3f7-8583d17b3ec3"
          ],
          "duration": 220,
          "root": false,
          "rootEmpty": false,
          "_timeout": 2000
        }
      ],
      "passes": [],
      "failures": [],
      "pending": [],
      "skipped": [],
      "duration": 0,
      "root": true,
      "rootEmpty": true,
      "_timeout": 2000
    }
  ],
  "meta": {
    "mocha": {
      "version": "7.0.1"
    },
    "mochawesome": {
      "options": {
        "quiet": false,
        "reportFilename": "mochawesome",
        "saveHtml": true,
        "saveJson": true,
        "consoleReporter": "spec",
        "useInlineDiffs": false,
        "code": true
      },
      "version": "7.1.3"
    },
    "marge": {
      "options": {
        "reportDir": "cypress/reports",
        "overwrite": false,
        "html": true,
        "json": true
      },
      "version": "6.2.0"
    }
  }
}