{
  "stats": {
    "suites": 1,
    "tests": 4,
    "passes": 3,
    "pending": 0,
    "failures": 1,
    "start": "2024-08-07T17:53:03.472Z",
    "end": "2024-08-07T17:53:13.618Z",
    "duration": 10146,
    "testsRegistered": 4,
    "passPercent": 75,
    "pendingPercent": 0,
    "other": 0,
    "hasOther": false,
    "skipped": 0,
    "hasSkipped": false
  },
  "results": [
    {
      "uuid": "3130c665-1716-47ef-bc67-333be0de0046",
      "title": "",
      "fullFile": "cypress\\e2e\\Inventory_spec.cy.js",
      "file": "cypress\\e2e\\Inventory_spec.cy.js",
      "beforeHooks": [],
      "afterHooks": [],
      "tests": [],
      "suites": [
        {
          "uuid": "4b9c91fa-b31a-4058-bc20-ac41ac011b61",
          "title": "Inventory Page Tests",
          "fullFile": "",
          "file": "",
          "beforeHooks": [],
          "afterHooks": [],
          "tests": [
            {
              "title": "Verify UI elements on inventory page",
              "fullTitle": "Inventory Page Tests Verify UI elements on inventory page",
              "timedOut": null,
              "duration": 2951,
              "state": "passed",
              "speed": "fast",
              "pass": true,
              "fail": false,
              "pending": false,
              "context": null,
              "code": "inventoryPage.verifyUiElements();",
              "err": {},
              "uuid": "4f4e3fe3-8261-42e4-a3b8-1ee38d83c1eb",
              "parentUUID": "4b9c91fa-b31a-4058-bc20-ac41ac011b61",
              "isHook": false,
              "skipped": false
            },
            {
              "title": "Verify sort options on inventory page",
              "fullTitle": "Inventory Page Tests Verify sort options on inventory page",
              "timedOut": null,
              "duration": 1133,
              "state": "passed",
              "speed": "fast",
              "pass": true,
              "fail": false,
              "pending": false,
              "context": null,
              "code": "inventoryPage.verifySortOptions();",
              "err": {},
              "uuid": "cdb17b11-5ade-410f-b00f-bb015aa25bb0",
              "parentUUID": "4b9c91fa-b31a-4058-bc20-ac41ac011b61",
              "isHook": false,
              "skipped": false
            },
            {
              "title": "Verify cart redirection",
              "fullTitle": "Inventory Page Tests Verify cart redirection",
              "timedOut": null,
              "duration": 865,
              "state": "passed",
              "speed": "fast",
              "pass": true,
              "fail": false,
              "pending": false,
              "context": null,
              "code": "inventoryPage.clickCart();\ncy.url().should('include', '/cart.html');",
              "err": {},
              "uuid": "6fe3e86a-6f29-491b-a51f-47220efe9dc4",
              "parentUUID": "4b9c91fa-b31a-4058-bc20-ac41ac011b61",
              "isHook": false,
              "skipped": false
            },
            {
              "title": "Verify item redirection",
              "fullTitle": "Inventory Page Tests Verify item redirection",
              "timedOut": null,
              "duration": 5042,
              "state": "failed",
              "speed": null,
              "pass": false,
              "fail": true,
              "pending": false,
              "context": null,
              "code": "inventoryPage.clickItem(4);\ncy.url().should('include', '/inventory-item.html?id=4');",
              "err": {
                "message": "AssertionError: Timed out retrying after 4000ms: expected 'https://www.saucedemo.com/inventory-item.html?id=5' to include '/inventory-item.html?id=4'",
                "estack": "AssertionError: Timed out retrying after 4000ms: expected 'https://www.saucedemo.com/inventory-item.html?id=5' to include '/inventory-item.html?id=4'\n    at Context.eval (webpack:///./cypress/e2e/Inventory_spec.cy.js:31:13)",
                "diff": null
              },
              "uuid": "e1f27271-eea1-4c0c-8f42-12c0e282292b",
              "parentUUID": "4b9c91fa-b31a-4058-bc20-ac41ac011b61",
              "isHook": false,
              "skipped": false
            }
          ],
          "suites": [],
          "passes": [
            "4f4e3fe3-8261-42e4-a3b8-1ee38d83c1eb",
            "cdb17b11-5ade-410f-b00f-bb015aa25bb0",
            "6fe3e86a-6f29-491b-a51f-47220efe9dc4"
          ],
          "failures": [
            "e1f27271-eea1-4c0c-8f42-12c0e282292b"
          ],
          "pending": [],
          "skipped": [],
          "duration": 9991,
          "root": false,
          "rootEmpty": false,
          "_timeout": 2000
        }
      ],
      "passes": [],
      "failures": [],
      "pending": [],
      "skipped": [],
      "duration": 0,
      "root": true,
      "rootEmpty": true,
      "_timeout": 2000
    }
  ],
  "meta": {
    "mocha": {
      "version": "7.0.1"
    },
    "mochawesome": {
      "options": {
        "quiet": false,
        "reportFilename": "mochawesome",
        "saveHtml": true,
        "saveJson": true,
        "consoleReporter": "spec",
        "useInlineDiffs": false,
        "code": true
      },
      "version": "7.1.3"
    },
    "marge": {
      "options": {
        "reportDir": "cypress/reports",
        "overwrite": false,
        "html": true,
        "json": true
      },
      "version": "6.2.0"
    }
  }
}