{
  "stats": {
    "suites": 1,
    "tests": 4,
    "passes": 4,
    "pending": 0,
    "failures": 0,
    "start": "2024-08-07T18:28:57.031Z",
    "end": "2024-08-07T18:29:03.066Z",
    "duration": 6035,
    "testsRegistered": 4,
    "passPercent": 100,
    "pendingPercent": 0,
    "other": 0,
    "hasOther": false,
    "skipped": 0,
    "hasSkipped": false
  },
  "results": [
    {
      "uuid": "5650b36b-7397-4dd5-9b97-1170cd654a4d",
      "title": "",
      "fullFile": "cypress\\e2e\\inventory_spec.cy.js",
      "file": "cypress\\e2e\\inventory_spec.cy.js",
      "beforeHooks": [],
      "afterHooks": [],
      "tests": [],
      "suites": [
        {
          "uuid": "f722bde8-87bd-413f-b6c5-6163bb80cd71",
          "title": "Inventory Page Tests",
          "fullFile": "",
          "file": "",
          "beforeHooks": [],
          "afterHooks": [],
          "tests": [
            {
              "title": "Verify UI elements on inventory page",
              "fullTitle": "Inventory Page Tests Verify UI elements on inventory page",
              "timedOut": null,
              "duration": 2945,
              "state": "passed",
              "speed": "fast",
              "pass": true,
              "fail": false,
              "pending": false,
              "context": null,
              "code": "inventoryPage.verifyUiElements();",
              "err": {},
              "uuid": "55706cfb-193c-4d4b-a1b1-23bad317f98a",
              "parentUUID": "f722bde8-87bd-413f-b6c5-6163bb80cd71",
              "isHook": false,
              "skipped": false
            },
            {
              "title": "Verify sort options on inventory page",
              "fullTitle": "Inventory Page Tests Verify sort options on inventory page",
              "timedOut": null,
              "duration": 1200,
              "state": "passed",
              "speed": "fast",
              "pass": true,
              "fail": false,
              "pending": false,
              "context": null,
              "code": "inventoryPage.verifySortOptions();",
              "err": {},
              "uuid": "1a8db5c4-613e-4401-9b59-432c9e364281",
              "parentUUID": "f722bde8-87bd-413f-b6c5-6163bb80cd71",
              "isHook": false,
              "skipped": false
            },
            {
              "title": "Verify cart redirection",
              "fullTitle": "Inventory Page Tests Verify cart redirection",
              "timedOut": null,
              "duration": 860,
              "state": "passed",
              "speed": "fast",
              "pass": true,
              "fail": false,
              "pending": false,
              "context": null,
              "code": "inventoryPage.clickCart();\ncy.url().should('include', '/cart.html');",
              "err": {},
              "uuid": "0f6415b4-8c0a-47ca-8358-76fd0b1f1dca",
              "parentUUID": "f722bde8-87bd-413f-b6c5-6163bb80cd71",
              "isHook": false,
              "skipped": false
            },
            {
              "title": "Verify item redirection",
              "fullTitle": "Inventory Page Tests Verify item redirection",
              "timedOut": null,
              "duration": 876,
              "state": "passed",
              "speed": "fast",
              "pass": true,
              "fail": false,
              "pending": false,
              "context": null,
              "code": "inventoryPage.clickItem(4);\ncy.url().should('include', '/inventory-item.html?id=4');",
              "err": {},
              "uuid": "80e46039-24e2-4e04-92a7-b3c590730382",
              "parentUUID": "f722bde8-87bd-413f-b6c5-6163bb80cd71",
              "isHook": false,
              "skipped": false
            }
          ],
          "suites": [],
          "passes": [
            "55706cfb-193c-4d4b-a1b1-23bad317f98a",
            "1a8db5c4-613e-4401-9b59-432c9e364281",
            "0f6415b4-8c0a-47ca-8358-76fd0b1f1dca",
            "80e46039-24e2-4e04-92a7-b3c590730382"
          ],
          "failures": [],
          "pending": [],
          "skipped": [],
          "duration": 5881,
          "root": false,
          "rootEmpty": false,
          "_timeout": 2000
        }
      ],
      "passes": [],
      "failures": [],
      "pending": [],
      "skipped": [],
      "duration": 0,
      "root": true,
      "rootEmpty": true,
      "_timeout": 2000
    }
  ],
  "meta": {
    "mocha": {
      "version": "7.0.1"
    },
    "mochawesome": {
      "options": {
        "quiet": false,
        "reportFilename": "mochawesome",
        "saveHtml": true,
        "saveJson": true,
        "consoleReporter": "spec",
        "useInlineDiffs": false,
        "code": true
      },
      "version": "7.1.3"
    },
    "marge": {
      "options": {
        "reportDir": "cypress/reports",
        "overwrite": false,
        "html": true,
        "json": true
      },
      "version": "6.2.0"
    }
  }
}